============================== Mace4 =================================
Mace4 (32) version Dec-2007, Dec 2007.
Process 5100 was started by popaa on DESKTOP-1LD5VI6,
Wed Dec  1 11:42:34 2021
The command was "/cygdrive/c/Program Files (x86)/Prover9-Mace4/bin-win32/mace4 -c".
============================== end of head ===========================

============================== INPUT =================================
assign(report_stderr,2).
set(ignore_option_dependencies).
if(Prover9).
% Conditional input omitted.
end_if.
if(Mace4).
% Conditional input included.
assign(max_seconds,60).
end_if.

formulas(assumptions).
Ontario != Waryn.
Ontario != Anastasia.
Ontario != Desmond.
Ontario != Alonso.
Waryn != Anastasia.
Waryn != Desmond.
Waryn != Alonso.
Anastasia != Desmond.
Anastasia != Alonso.
Desmond != Alonso.
Old(Ontario) | Old(Waryn) | Old(Anastasia) | Old(Desmond) | Old(Alonso).
Older(x,y) -> -Old(y).
Older(x,y) & Older(y,z) -> Older(x,z).
Older(Ontario,Waryn).
Older(Anastasia,Waryn).
Older(Desmond,Waryn).
Older(Desmond,Ontario).
Older(Desmond,Alonso).
Older(Ontario,Anastasia).
Older(Alonso,Anastasia).
-Older(Alonso,Ontario) & -Older(Ontario,Alonso).
end_of_list.

formulas(goals).
end_of_list.

============================== end of input ==========================

% Enabling option dependencies (ignore applies only on input).

============================== PROCESS NON-CLAUSAL FORMULAS ==========

% Formulas that are not ordinary clauses:
1 Older(x,y) -> -Old(y) # label(non_clause).  [assumption].
2 Older(x,y) & Older(y,z) -> Older(x,z) # label(non_clause).  [assumption].
3 -Older(Alonso,Ontario) & -Older(Ontario,Alonso) # label(non_clause).  [assumption].

============================== end of process non-clausal formulas ===

============================== CLAUSES FOR SEARCH ====================

formulas(mace4_clauses).
Ontario != Waryn.
Ontario != Anastasia.
Ontario != Desmond.
Ontario != Alonso.
Waryn != Anastasia.
Waryn != Desmond.
Waryn != Alonso.
Anastasia != Desmond.
Anastasia != Alonso.
Desmond != Alonso.
Old(Ontario) | Old(Waryn) | Old(Anastasia) | Old(Desmond) | Old(Alonso).
-Older(x,y) | -Old(y).
-Older(x,y) | -Older(y,z) | Older(x,z).
Older(Ontario,Waryn).
Older(Anastasia,Waryn).
Older(Desmond,Waryn).
Older(Desmond,Ontario).
Older(Desmond,Alonso).
Older(Ontario,Anastasia).
Older(Alonso,Anastasia).
-Older(Alonso,Ontario).
-Older(Ontario,Alonso).
end_of_list.

============================== end of clauses for search =============

% There are no domain elements in the input.

============================== DOMAIN SIZE 2 =========================

============================== STATISTICS ============================

For domain size 2.

Current CPU time: 0.00 seconds (total CPU time: 0.01 seconds).
Ground clauses: seen=32, kept=32.
Selections=1, assignments=1, propagations=6, current_models=0.
Rewrite_terms=17, rewrite_bools=1, indexes=4.
Rules_from_neg_clauses=4, cross_offs=4.

============================== end of statistics =====================

============================== DOMAIN SIZE 3 =========================

============================== STATISTICS ============================

For domain size 3.

Current CPU time: 0.00 seconds (total CPU time: 0.01 seconds).
Ground clauses: seen=56, kept=56.
Selections=2, assignments=3, propagations=8, current_models=0.
Rewrite_terms=30, rewrite_bools=3, indexes=9.
Rules_from_neg_clauses=3, cross_offs=7.

============================== end of statistics =====================

============================== DOMAIN SIZE 4 =========================

============================== STATISTICS ============================

For domain size 4.

Current CPU time: 0.00 seconds (total CPU time: 0.01 seconds).
Ground clauses: seen=100, kept=100.
Selections=3, assignments=6, propagations=12, current_models=0.
Rewrite_terms=51, rewrite_bools=28, indexes=15.
Rules_from_neg_clauses=2, cross_offs=9.

============================== end of statistics =====================

============================== DOMAIN SIZE 5 =========================

============================== MODEL =================================

interpretation( 5, [number=1, seconds=0], [

        function(Alonso, [ 0 ]),

        function(Anastasia, [ 1 ]),

        function(Desmond, [ 2 ]),

        function(Ontario, [ 3 ]),

        function(Waryn, [ 4 ]),

        relation(Old(_), [ 0, 0, 1, 0, 0 ]),

        relation(Older(_,_), [
			   0, 1, 0, 0, 1,
			   0, 0, 0, 0, 1,
			   1, 1, 0, 1, 1,
			   0, 1, 0, 0, 1,
			   0, 0, 0, 0, 0 ])
]).

============================== end of model ==========================

============================== STATISTICS ============================

For domain size 5.

Current CPU time: 0.00 seconds (total CPU time: 0.01 seconds).
Ground clauses: seen=170, kept=170.
Selections=8, assignments=14, propagations=32, current_models=1.
Rewrite_terms=69, rewrite_bools=288, indexes=21.
Rules_from_neg_clauses=1, cross_offs=10.

============================== end of statistics =====================

User_CPU=0.01, System_CPU=0.05, Wall_clock=0.

Exiting with 1 model.

Process 5100 exit (max_models) Wed Dec  1 11:42:34 2021
The process finished Wed Dec  1 11:42:34 2021
