============================== Mace4 =================================
Mace4 (32) version Dec-2007, Dec 2007.
Process 11592 was started by popaa on DESKTOP-1LD5VI6,
Wed Dec  1 11:43:05 2021
The command was "/cygdrive/c/Program Files (x86)/Prover9-Mace4/bin-win32/mace4 -c".
============================== end of head ===========================

============================== INPUT =================================
assign(report_stderr,2).
set(ignore_option_dependencies).
if(Prover9).
% Conditional input omitted.
end_if.
if(Mace4).
% Conditional input included.
assign(max_seconds,60).
end_if.

formulas(assumptions).
Brendyn != Liam.
Brendyn != Fergus.
Brendyn != Marcell.
Brendyn != Lucian.
Liam != Fergus.
Liam != Marcell.
Liam != Lucian.
Fergus != Desmond.
Fergus != Lucian.
Marcell != Lucian.
Young(Brendyn) | Young(Liam) | Young(Fergus) | Young(Marcell) | Young(Lucian).
Younger(x,y) -> -Young(y).
Younger(x,y) & Younger(y,z) -> Younger(x,z).
Younger(Liam,Brendyn).
Younger(Fergus,Brendyn).
Younger(Fergus,Marcell).
Younger(Marcell,Liam).
Younger(Brendyn,Lucian).
end_of_list.

formulas(goals).
end_of_list.

============================== end of input ==========================

% Enabling option dependencies (ignore applies only on input).

============================== PROCESS NON-CLAUSAL FORMULAS ==========

% Formulas that are not ordinary clauses:
1 Younger(x,y) -> -Young(y) # label(non_clause).  [assumption].
2 Younger(x,y) & Younger(y,z) -> Younger(x,z) # label(non_clause).  [assumption].

============================== end of process non-clausal formulas ===

============================== CLAUSES FOR SEARCH ====================

formulas(mace4_clauses).
Brendyn != Liam.
Brendyn != Fergus.
Brendyn != Marcell.
Brendyn != Lucian.
Liam != Fergus.
Liam != Marcell.
Liam != Lucian.
Fergus != Desmond.
Fergus != Lucian.
Marcell != Lucian.
Young(Brendyn) | Young(Liam) | Young(Fergus) | Young(Marcell) | Young(Lucian).
-Younger(x,y) | -Young(y).
-Younger(x,y) | -Younger(y,z) | Younger(x,z).
Younger(Liam,Brendyn).
Younger(Fergus,Brendyn).
Younger(Fergus,Marcell).
Younger(Marcell,Liam).
Younger(Brendyn,Lucian).
end_of_list.

============================== end of clauses for search =============

% There are no domain elements in the input.

============================== DOMAIN SIZE 2 =========================

============================== STATISTICS ============================

For domain size 2.

Current CPU time: 0.00 seconds (total CPU time: 0.01 seconds).
Ground clauses: seen=28, kept=28.
Selections=1, assignments=1, propagations=5, current_models=0.
Rewrite_terms=12, rewrite_bools=0, indexes=3.
Rules_from_neg_clauses=4, cross_offs=4.

============================== end of statistics =====================

============================== DOMAIN SIZE 3 =========================

============================== STATISTICS ============================

For domain size 3.

Current CPU time: 0.00 seconds (total CPU time: 0.01 seconds).
Ground clauses: seen=52, kept=52.
Selections=2, assignments=3, propagations=5, current_models=0.
Rewrite_terms=26, rewrite_bools=2, indexes=7.
Rules_from_neg_clauses=2, cross_offs=8.

============================== end of statistics =====================

============================== DOMAIN SIZE 4 =========================

============================== STATISTICS ============================

For domain size 4.

Current CPU time: 0.00 seconds (total CPU time: 0.01 seconds).
Ground clauses: seen=96, kept=96.
Selections=3, assignments=6, propagations=16, current_models=0.
Rewrite_terms=54, rewrite_bools=69, indexes=14.
Rules_from_neg_clauses=2, cross_offs=12.

============================== end of statistics =====================

============================== DOMAIN SIZE 5 =========================

============================== MODEL =================================

interpretation( 5, [number=1, seconds=0], [

        function(Brendyn, [ 0 ]),

        function(Desmond, [ 0 ]),

        function(Fergus, [ 1 ]),

        function(Liam, [ 2 ]),

        function(Lucian, [ 3 ]),

        function(Marcell, [ 4 ]),

        relation(Young(_), [ 0, 1, 0, 0, 0 ]),

        relation(Younger(_,_), [
			   0, 0, 0, 1, 0,
			   1, 0, 1, 1, 1,
			   1, 0, 0, 1, 0,
			   0, 0, 0, 0, 0,
			   1, 0, 1, 1, 0 ])
]).

============================== end of model ==========================

============================== STATISTICS ============================

For domain size 5.

Current CPU time: 0.00 seconds (total CPU time: 0.01 seconds).
Ground clauses: seen=166, kept=166.
Selections=10, assignments=20, propagations=42, current_models=1.
Rewrite_terms=91, rewrite_bools=319, indexes=27.
Rules_from_neg_clauses=0, cross_offs=13.

============================== end of statistics =====================

User_CPU=0.01, System_CPU=0.01, Wall_clock=0.

Exiting with 1 model.

Process 11592 exit (max_models) Wed Dec  1 11:43:05 2021
The process finished Wed Dec  1 11:43:05 2021
