============================== Mace4 =================================
Mace4 (32) version Dec-2007, Dec 2007.
Process 2304 was started by popaa on DESKTOP-1LD5VI6,
Wed Dec  1 11:43:43 2021
The command was "/cygdrive/c/Program Files (x86)/Prover9-Mace4/bin-win32/mace4 -c".
============================== end of head ===========================

============================== INPUT =================================
assign(report_stderr,2).
set(ignore_option_dependencies).
if(Prover9).
% Conditional input omitted.
end_if.
if(Mace4).
% Conditional input included.
assign(max_seconds,60).
end_if.

formulas(assumptions).
Minnie != Justin.
Minnie != Tiffany.
Minnie != Jaymee.
Minnie != Georgette.
Justin != Tiffany.
Justin != Jaymee.
Justin != Georgette.
Tiffany != Jaymee.
Tiffany != Georgette.
Jaymee != Georgette.
Old(Minnie) | Old(Justin) | Old(Tiffany) | Old(Jaymee) | Old(Georgette).
Older(x,y) -> -Old(y).
Older(x,y) & Older(y,z) -> Older(x,z).
Older(Minnie,Justin).
Older(Minnie,Tiffany).
Older(Justin,Jaymee).
Older(Jaymee,Tiffany).
Older(Minnie,Georgette).
Older(Georgette,Tiffany).
-Older(Jaymee,Georgette) & -Older(Georgette,Jaymee).
end_of_list.

formulas(goals).
end_of_list.

============================== end of input ==========================

% Enabling option dependencies (ignore applies only on input).

============================== PROCESS NON-CLAUSAL FORMULAS ==========

% Formulas that are not ordinary clauses:
1 Older(x,y) -> -Old(y) # label(non_clause).  [assumption].
2 Older(x,y) & Older(y,z) -> Older(x,z) # label(non_clause).  [assumption].
3 -Older(Jaymee,Georgette) & -Older(Georgette,Jaymee) # label(non_clause).  [assumption].

============================== end of process non-clausal formulas ===

============================== CLAUSES FOR SEARCH ====================

formulas(mace4_clauses).
Minnie != Justin.
Minnie != Tiffany.
Minnie != Jaymee.
Minnie != Georgette.
Justin != Tiffany.
Justin != Jaymee.
Justin != Georgette.
Tiffany != Jaymee.
Tiffany != Georgette.
Jaymee != Georgette.
Old(Minnie) | Old(Justin) | Old(Tiffany) | Old(Jaymee) | Old(Georgette).
-Older(x,y) | -Old(y).
-Older(x,y) | -Older(y,z) | Older(x,z).
Older(Minnie,Justin).
Older(Minnie,Tiffany).
Older(Justin,Jaymee).
Older(Jaymee,Tiffany).
Older(Minnie,Georgette).
Older(Georgette,Tiffany).
-Older(Jaymee,Georgette).
-Older(Georgette,Jaymee).
end_of_list.

============================== end of clauses for search =============

% There are no domain elements in the input.

============================== DOMAIN SIZE 2 =========================

============================== STATISTICS ============================

For domain size 2.

Current CPU time: 0.00 seconds (total CPU time: 0.03 seconds).
Ground clauses: seen=31, kept=31.
Selections=1, assignments=1, propagations=5, current_models=0.
Rewrite_terms=15, rewrite_bools=1, indexes=3.
Rules_from_neg_clauses=4, cross_offs=4.

============================== end of statistics =====================

============================== DOMAIN SIZE 3 =========================

============================== STATISTICS ============================

For domain size 3.

Current CPU time: 0.00 seconds (total CPU time: 0.03 seconds).
Ground clauses: seen=55, kept=55.
Selections=2, assignments=3, propagations=7, current_models=0.
Rewrite_terms=31, rewrite_bools=5, indexes=8.
Rules_from_neg_clauses=3, cross_offs=7.

============================== end of statistics =====================

============================== DOMAIN SIZE 4 =========================

============================== STATISTICS ============================

For domain size 4.

Current CPU time: 0.00 seconds (total CPU time: 0.03 seconds).
Ground clauses: seen=99, kept=99.
Selections=3, assignments=6, propagations=9, current_models=0.
Rewrite_terms=44, rewrite_bools=36, indexes=13.
Rules_from_neg_clauses=2, cross_offs=9.

============================== end of statistics =====================

============================== DOMAIN SIZE 5 =========================

============================== MODEL =================================

interpretation( 5, [number=1, seconds=0], [

        function(Georgette, [ 0 ]),

        function(Jaymee, [ 1 ]),

        function(Justin, [ 2 ]),

        function(Minnie, [ 3 ]),

        function(Tiffany, [ 4 ]),

        relation(Old(_), [ 0, 0, 0, 1, 0 ]),

        relation(Older(_,_), [
			   0, 0, 0, 0, 1,
			   0, 0, 0, 0, 1,
			   0, 1, 0, 0, 1,
			   1, 1, 1, 0, 1,
			   0, 0, 0, 0, 0 ])
]).

============================== end of model ==========================

============================== STATISTICS ============================

For domain size 5.

Current CPU time: 0.00 seconds (total CPU time: 0.03 seconds).
Ground clauses: seen=169, kept=169.
Selections=9, assignments=15, propagations=31, current_models=1.
Rewrite_terms=65, rewrite_bools=272, indexes=21.
Rules_from_neg_clauses=1, cross_offs=10.

============================== end of statistics =====================

User_CPU=0.03, System_CPU=0.01, Wall_clock=0.

Exiting with 1 model.

Process 2304 exit (max_models) Wed Dec  1 11:43:43 2021
The process finished Wed Dec  1 11:43:43 2021
