============================== Mace4 =================================
Mace4 (32) version Dec-2007, Dec 2007.
Process 9080 was started by popaa on DESKTOP-1LD5VI6,
Wed Dec  1 11:46:04 2021
The command was "/cygdrive/c/Program Files (x86)/Prover9-Mace4/bin-win32/mace4 -c".
============================== end of head ===========================

============================== INPUT =================================
assign(report_stderr,2).
set(ignore_option_dependencies).
if(Prover9).
% Conditional input omitted.
end_if.
if(Mace4).
% Conditional input included.
assign(max_seconds,60).
end_if.

formulas(assumptions).
Tom != Matt.
Tom != Tamara.
Tom != Ben.
Matt != Tamara.
Matt != Ben.
Tamara != Ben.
Tall(Tom) | Tall(Matt) | Tall(Tamara) | Tall(Ben).
Taller(x,y) -> -Tall(y).
Taller(x,y) & Taller(y,z) -> Taller(x,z).
Taller(Matt,Tom).
Taller(Tamara,Tom).
Taller(Ben,Matt).
Taller(Tamara,Ben).
end_of_list.

formulas(goals).
end_of_list.

============================== end of input ==========================

% Enabling option dependencies (ignore applies only on input).

============================== PROCESS NON-CLAUSAL FORMULAS ==========

% Formulas that are not ordinary clauses:
1 Taller(x,y) -> -Tall(y) # label(non_clause).  [assumption].
2 Taller(x,y) & Taller(y,z) -> Taller(x,z) # label(non_clause).  [assumption].

============================== end of process non-clausal formulas ===

============================== CLAUSES FOR SEARCH ====================

formulas(mace4_clauses).
Tom != Matt.
Tom != Tamara.
Tom != Ben.
Matt != Tamara.
Matt != Ben.
Tamara != Ben.
Tall(Tom) | Tall(Matt) | Tall(Tamara) | Tall(Ben).
-Taller(x,y) | -Tall(y).
-Taller(x,y) | -Taller(y,z) | Taller(x,z).
Taller(Matt,Tom).
Taller(Tamara,Tom).
Taller(Ben,Matt).
Taller(Tamara,Ben).
end_of_list.

============================== end of clauses for search =============

% There are no domain elements in the input.

============================== DOMAIN SIZE 2 =========================

============================== STATISTICS ============================

For domain size 2.

Current CPU time: 0.00 seconds (total CPU time: 0.00 seconds).
Ground clauses: seen=23, kept=23.
Selections=1, assignments=1, propagations=3, current_models=0.
Rewrite_terms=11, rewrite_bools=1, indexes=2.
Rules_from_neg_clauses=3, cross_offs=3.

============================== end of statistics =====================

============================== DOMAIN SIZE 3 =========================

============================== STATISTICS ============================

For domain size 3.

Current CPU time: 0.00 seconds (total CPU time: 0.00 seconds).
Ground clauses: seen=47, kept=47.
Selections=2, assignments=3, propagations=5, current_models=0.
Rewrite_terms=21, rewrite_bools=3, indexes=7.
Rules_from_neg_clauses=2, cross_offs=5.

============================== end of statistics =====================

============================== DOMAIN SIZE 4 =========================

============================== MODEL =================================

interpretation( 4, [number=1, seconds=0], [

        function(Ben, [ 0 ]),

        function(Matt, [ 1 ]),

        function(Tamara, [ 2 ]),

        function(Tom, [ 3 ]),

        relation(Tall(_), [ 0, 0, 1, 0 ]),

        relation(Taller(_,_), [
			   0, 1, 0, 1,
			   0, 0, 0, 1,
			   1, 1, 0, 1,
			   0, 0, 0, 0 ])
]).

============================== end of model ==========================

============================== STATISTICS ============================

For domain size 4.

Current CPU time: 0.00 seconds (total CPU time: 0.00 seconds).
Ground clauses: seen=91, kept=91.
Selections=6, assignments=9, propagations=21, current_models=1.
Rewrite_terms=37, rewrite_bools=151, indexes=13.
Rules_from_neg_clauses=1, cross_offs=6.

============================== end of statistics =====================

User_CPU=0.00, System_CPU=0.03, Wall_clock=0.

Exiting with 1 model.

Process 9080 exit (max_models) Wed Dec  1 11:46:04 2021
The process finished Wed Dec  1 11:46:04 2021
